<?xml version="1.0" encoding="UTF-8"?>
<testsuite xmlns:xsi="http://www.w3.org/2001/XMLSchema-instance" xsi:noNamespaceSchemaLocation="https://maven.apache.org/surefire/maven-surefire-plugin/xsd/surefire-test-report.xsd" name="com.lvshihao.dubbo.AppTest" time="0.077" tests="1" errors="0" skipped="0" failures="0">
  <properties>
    <property name="sun.desktop" value="windows"/>
    <property name="awt.toolkit" value="sun.awt.windows.WToolkit"/>
    <property name="file.encoding.pkg" value="sun.io"/>
    <property name="java.specification.version" value="1.8"/>
    <property name="sun.cpu.isalist" value="amd64"/>
    <property name="sun.jnu.encoding" value="GBK"/>
    <property name="java.class.path" value="C:\Users\Administrator\Downloads\lvshihaodubbo\gmallinterface\target\test-classes;C:\Users\Administrator\Downloads\lvshihaodubbo\gmallinterface\target\classes;C:\Users\Administrator\.m2\repository\junit\junit\4.11\junit-4.11.jar;C:\Users\Administrator\.m2\repository\org\hamcrest\hamcrest-core\1.3\hamcrest-core-1.3.jar;"/>
    <property name="java.vm.vendor" value="Oracle Corporation"/>
    <property name="sun.arch.data.model" value="64"/>
    <property name="user.variant" value=""/>
    <property name="java.vendor.url" value="http://java.oracle.com/"/>
    <property name="user.timezone" value="Asia/Shanghai"/>
    <property name="java.vm.specification.version" value="1.8"/>
    <property name="os.name" value="Windows 7"/>
    <property name="user.country" value="CN"/>
    <property name="sun.java.launcher" value="SUN_STANDARD"/>
    <property name="sun.boot.library.path" value="F:\java\jdk1.8.0_91\jdk1.8.0_91\jre\bin"/>
    <property name="sun.java.command" value="C:\Users\ADMINI~1\AppData\Local\Temp\surefire8739690817639143865\surefirebooter7155164176385783881.jar C:\Users\Administrator\AppData\Local\Temp\surefire8739690817639143865 2019-05-17T10-23-18_734-jvmRun1 surefire7167975084201882684tmp surefire_0520165418548572105tmp"/>
    <property name="surefire.test.class.path" value="C:\Users\Administrator\Downloads\lvshihaodubbo\gmallinterface\target\test-classes;C:\Users\Administrator\Downloads\lvshihaodubbo\gmallinterface\target\classes;C:\Users\Administrator\.m2\repository\junit\junit\4.11\junit-4.11.jar;C:\Users\Administrator\.m2\repository\org\hamcrest\hamcrest-core\1.3\hamcrest-core-1.3.jar;"/>
    <property name="sun.cpu.endian" value="little"/>
    <property name="user.home" value="C:\Users\Administrator"/>
    <property name="user.language" value="zh"/>
    <property name="java.specification.vendor" value="Oracle Corporation"/>
    <property name="java.home" value="F:\java\jdk1.8.0_91\jdk1.8.0_91\jre"/>
    <property name="basedir" value="C:\Users\Administrator\Downloads\lvshihaodubbo\gmallinterface"/>
    <property name="file.separator" value="\"/>
    <property name="line.separator" value="&#10;"/>
    <property name="java.vm.specification.vendor" value="Oracle Corporation"/>
    <property name="java.specification.name" value="Java Platform API Specification"/>
    <property name="java.awt.graphicsenv" value="sun.awt.Win32GraphicsEnvironment"/>
    <property name="surefire.real.class.path" value="C:\Users\ADMINI~1\AppData\Local\Temp\surefire8739690817639143865\surefirebooter7155164176385783881.jar"/>
    <property name="sun.boot.class.path" value="F:\java\jdk1.8.0_91\jdk1.8.0_91\jre\lib\resources.jar;F:\java\jdk1.8.0_91\jdk1.8.0_91\jre\lib\rt.jar;F:\java\jdk1.8.0_91\jdk1.8.0_91\jre\lib\sunrsasign.jar;F:\java\jdk1.8.0_91\jdk1.8.0_91\jre\lib\jsse.jar;F:\java\jdk1.8.0_91\jdk1.8.0_91\jre\lib\jce.jar;F:\java\jdk1.8.0_91\jdk1.8.0_91\jre\lib\charsets.jar;F:\java\jdk1.8.0_91\jdk1.8.0_91\jre\lib\jfr.jar;F:\java\jdk1.8.0_91\jdk1.8.0_91\jre\classes"/>
    <property name="user.script" value=""/>
    <property name="sun.management.compiler" value="HotSpot 64-Bit Tiered Compilers"/>
    <property name="java.runtime.version" value="1.8.0_91-b15"/>
    <property name="user.name" value="Administrator"/>
    <property name="path.separator" value=";"/>
    <property name="os.version" value="6.1"/>
    <property name="java.endorsed.dirs" value="F:\java\jdk1.8.0_91\jdk1.8.0_91\jre\lib\endorsed"/>
    <property name="java.runtime.name" value="Java(TM) SE Runtime Environment"/>
    <property name="file.encoding" value="GBK"/>
    <property name="java.vm.name" value="Java HotSpot(TM) 64-Bit Server VM"/>
    <property name="localRepository" value="C:\Users\Administrator\.m2\repository"/>
    <property name="java.vendor.url.bug" value="http://bugreport.sun.com/bugreport/"/>
    <property name="java.io.tmpdir" value="C:\Users\ADMINI~1\AppData\Local\Temp\"/>
    <property name="idea.version" value="2018.3"/>
    <property name="java.version" value="1.8.0_91"/>
    <property name="user.dir" value="C:\Users\Administrator\Downloads\lvshihaodubbo\gmallinterface"/>
    <property name="os.arch" value="amd64"/>
    <property name="java.vm.specification.name" value="Java Virtual Machine Specification"/>
    <property name="java.awt.printerjob" value="sun.awt.windows.WPrinterJob"/>
    <property name="sun.os.patch.level" value="Service Pack 1"/>
    <property name="java.library.path" value="F:\java\jdk1.8.0_91\jdk1.8.0_91\jre\bin;C:\Windows\Sun\Java\bin;C:\Windows\system32;C:\Windows;E:\gitbook\node_modules\.bin;C:\Program Files\MySQL\MySQL Server 5.5\bin;.;F:\java\jdk1.8.0_91\jdk1.8.0_91\bin;C:\Program Files (x86)\Python37-32\Scripts\;C:\Program Files (x86)\Python37-32\;C:\Windows\system32;C:\Windows;C:\Windows\System32\Wbem;C:\Windows\System32\WindowsPowerShell\v1.0\F:\java\jdk1.8.0_91\jdk1.8.0_91\bin;F:\java\jdk1.8.0_91\jdk1.8.0_91\jre\bin;C:\Program Files\Redis\;F:\java\apache-maven-3.3.9\bin;%ERLANG_HOME%\bin;F:\Brackets\command;F:\java\hadoop-2.8.5\bin;C:\Program Files\Pandoc\;C:\Program Files\Anaconda3;C:\Program Files\Anaconda3\Scripts;C:\Program Files\Anaconda3\Library\bin;C:\Users\Administrator\AppData\Local\Google\Chrome\Application;E:\node-js\;C:\Users\Administrator\AppData\Roaming\npm;."/>
    <property name="java.vm.info" value="mixed mode"/>
    <property name="java.vendor" value="Oracle Corporation"/>
    <property name="java.vm.version" value="25.91-b15"/>
    <property name="java.ext.dirs" value="F:\java\jdk1.8.0_91\jdk1.8.0_91\jre\lib\ext;C:\Windows\Sun\Java\lib\ext"/>
    <property name="sun.io.unicode.encoding" value="UnicodeLittle"/>
    <property name="java.class.version" value="52.0"/>
  </properties>
  <testcase name="shouldAnswerWithTrue" classname="com.lvshihao.dubbo.AppTest" time="0.002"/>
</testsuite>